C:\Users\Andriy\Desktop\TravelApp\TravelApp\app\shared\request.service.js
C:\Users\Andriy\Desktop\TravelApp\TravelApp\app\shared\request.service.js.map
C:\Users\Andriy\Desktop\TravelApp\TravelApp\app\components\register\Registration.js
C:\Users\Andriy\Desktop\TravelApp\TravelApp\app\components\register\Registration.js.map
C:\Users\Andriy\Desktop\TravelApp\TravelApp\app\shared\authentication.service.js
C:\Users\Andriy\Desktop\TravelApp\TravelApp\app\shared\authentication.service.js.map
C:\Users\Andriy\Desktop\TravelApp\TravelApp\app\app.component.js
C:\Users\Andriy\Desktop\TravelApp\TravelApp\app\app.component.js.map
C:\Users\Andriy\Desktop\TravelApp\TravelApp\app\components\administrator\Administrator.js
C:\Users\Andriy\Desktop\TravelApp\TravelApp\app\components\administrator\Administrator.js.map
C:\Users\Andriy\Desktop\TravelApp\TravelApp\app\components\administrator\admins.component.js
C:\Users\Andriy\Desktop\TravelApp\TravelApp\app\components\administrator\admins.component.js.map
C:\Users\Andriy\Desktop\TravelApp\TravelApp\app\components\administrator\AdminRegistration.js
C:\Users\Andriy\Desktop\TravelApp\TravelApp\app\components\administrator\AdminRegistration.js.map
C:\Users\Andriy\Desktop\TravelApp\TravelApp\app\components\administrator\adminRegister.component.js
C:\Users\Andriy\Desktop\TravelApp\TravelApp\app\components\administrator\adminRegister.component.js.map
C:\Users\Andriy\Desktop\TravelApp\TravelApp\app\components\administrator\adminInfo.component.js
C:\Users\Andriy\Desktop\TravelApp\TravelApp\app\components\administrator\adminInfo.component.js.map
C:\Users\Andriy\Desktop\TravelApp\TravelApp\app\components\administrator\adminHome.component.js
C:\Users\Andriy\Desktop\TravelApp\TravelApp\app\components\administrator\adminHome.component.js.map
C:\Users\Andriy\Desktop\TravelApp\TravelApp\app\components\city\City.js
C:\Users\Andriy\Desktop\TravelApp\TravelApp\app\components\city\City.js.map
C:\Users\Andriy\Desktop\TravelApp\TravelApp\app\components\city\cities.component.js
C:\Users\Andriy\Desktop\TravelApp\TravelApp\app\components\city\cities.component.js.map
C:\Users\Andriy\Desktop\TravelApp\TravelApp\app\components\city\cityDetails.component.js
C:\Users\Andriy\Desktop\TravelApp\TravelApp\app\components\city\cityDetails.component.js.map
C:\Users\Andriy\Desktop\TravelApp\TravelApp\app\components\cityWhichIVisited\cityWhichIVisited.js
C:\Users\Andriy\Desktop\TravelApp\TravelApp\app\components\cityWhichIVisited\cityWhichIVisited.js.map
C:\Users\Andriy\Desktop\TravelApp\TravelApp\app\components\cityWhichIVisited\cityWhichIVisited.component.js
C:\Users\Andriy\Desktop\TravelApp\TravelApp\app\components\cityWhichIVisited\cityWhichIVisited.component.js.map
C:\Users\Andriy\Desktop\TravelApp\TravelApp\app\components\cityWhichIVisited\cityWhichIVisitedAdd.component.js
C:\Users\Andriy\Desktop\TravelApp\TravelApp\app\components\cityWhichIVisited\cityWhichIVisitedAdd.component.js.map
C:\Users\Andriy\Desktop\TravelApp\TravelApp\app\components\cityWhichIVisited\cityWhichIVisitedDetails.component.js
C:\Users\Andriy\Desktop\TravelApp\TravelApp\app\components\cityWhichIVisited\cityWhichIVisitedDetails.component.js.map
C:\Users\Andriy\Desktop\TravelApp\TravelApp\app\components\cityWhichIWantToVisit\cityWhichIWantToVisit.js
C:\Users\Andriy\Desktop\TravelApp\TravelApp\app\components\cityWhichIWantToVisit\cityWhichIWantToVisit.js.map
C:\Users\Andriy\Desktop\TravelApp\TravelApp\app\components\cityWhichIWantToVisit\citiesWhichIWant.component.js
C:\Users\Andriy\Desktop\TravelApp\TravelApp\app\components\cityWhichIWantToVisit\citiesWhichIWant.component.js.map
C:\Users\Andriy\Desktop\TravelApp\TravelApp\app\components\cityWhichIWantToVisit\cityWhichIWantAdd.component.js
C:\Users\Andriy\Desktop\TravelApp\TravelApp\app\components\cityWhichIWantToVisit\cityWhichIWantAdd.component.js.map
C:\Users\Andriy\Desktop\TravelApp\TravelApp\app\components\cityWhichIWantToVisit\cityWhichIWantDetails.component.js
C:\Users\Andriy\Desktop\TravelApp\TravelApp\app\components\cityWhichIWantToVisit\cityWhichIWantDetails.component.js.map
C:\Users\Andriy\Desktop\TravelApp\TravelApp\app\components\comment\Comment.js
C:\Users\Andriy\Desktop\TravelApp\TravelApp\app\components\comment\Comment.js.map
C:\Users\Andriy\Desktop\TravelApp\TravelApp\app\components\comment\comment.component.js
C:\Users\Andriy\Desktop\TravelApp\TravelApp\app\components\comment\comment.component.js.map
C:\Users\Andriy\Desktop\TravelApp\TravelApp\app\components\comment\commentAdd.component.js
C:\Users\Andriy\Desktop\TravelApp\TravelApp\app\components\comment\commentAdd.component.js.map
C:\Users\Andriy\Desktop\TravelApp\TravelApp\app\components\home\home.component.js
C:\Users\Andriy\Desktop\TravelApp\TravelApp\app\components\home\home.component.js.map
C:\Users\Andriy\Desktop\TravelApp\TravelApp\app\components\login\Login.js
C:\Users\Andriy\Desktop\TravelApp\TravelApp\app\components\login\Login.js.map
C:\Users\Andriy\Desktop\TravelApp\TravelApp\app\components\login\login.component.js
C:\Users\Andriy\Desktop\TravelApp\TravelApp\app\components\login\login.component.js.map
C:\Users\Andriy\Desktop\TravelApp\TravelApp\app\components\person\Person.js
C:\Users\Andriy\Desktop\TravelApp\TravelApp\app\components\person\Person.js.map
C:\Users\Andriy\Desktop\TravelApp\TravelApp\app\components\person\persons.component.js
C:\Users\Andriy\Desktop\TravelApp\TravelApp\app\components\person\persons.component.js.map
C:\Users\Andriy\Desktop\TravelApp\TravelApp\app\components\person\personDetails.component.js
C:\Users\Andriy\Desktop\TravelApp\TravelApp\app\components\person\personDetails.component.js.map
C:\Users\Andriy\Desktop\TravelApp\TravelApp\app\components\person\personHome.component.js
C:\Users\Andriy\Desktop\TravelApp\TravelApp\app\components\person\personHome.component.js.map
C:\Users\Andriy\Desktop\TravelApp\TravelApp\app\components\person\personInfo.component.js
C:\Users\Andriy\Desktop\TravelApp\TravelApp\app\components\person\personInfo.component.js.map
C:\Users\Andriy\Desktop\TravelApp\TravelApp\app\components\person\PersonRegistration.js
C:\Users\Andriy\Desktop\TravelApp\TravelApp\app\components\person\PersonRegistration.js.map
C:\Users\Andriy\Desktop\TravelApp\TravelApp\app\components\person\personRegister.component.js
C:\Users\Andriy\Desktop\TravelApp\TravelApp\app\components\person\personRegister.component.js.map
C:\Users\Andriy\Desktop\TravelApp\TravelApp\app\components\photo\Photo.js
C:\Users\Andriy\Desktop\TravelApp\TravelApp\app\components\photo\Photo.js.map
C:\Users\Andriy\Desktop\TravelApp\TravelApp\app\components\photo\photo.component.js
C:\Users\Andriy\Desktop\TravelApp\TravelApp\app\components\photo\photo.component.js.map
C:\Users\Andriy\Desktop\TravelApp\TravelApp\app\components\photo\photoAdd.component.js
C:\Users\Andriy\Desktop\TravelApp\TravelApp\app\components\photo\photoAdd.component.js.map
C:\Users\Andriy\Desktop\TravelApp\TravelApp\app\components\register\register.component.js
C:\Users\Andriy\Desktop\TravelApp\TravelApp\app\components\register\register.component.js.map
C:\Users\Andriy\Desktop\TravelApp\TravelApp\app\shared\LoggedInGuard.js
C:\Users\Andriy\Desktop\TravelApp\TravelApp\app\shared\LoggedInGuard.js.map
C:\Users\Andriy\Desktop\TravelApp\TravelApp\app\shared\LoggedInGuardAdmin.js
C:\Users\Andriy\Desktop\TravelApp\TravelApp\app\shared\LoggedInGuardAdmin.js.map
C:\Users\Andriy\Desktop\TravelApp\TravelApp\app\shared\LoggedInGuardPerson.js
C:\Users\Andriy\Desktop\TravelApp\TravelApp\app\shared\LoggedInGuardPerson.js.map
C:\Users\Andriy\Desktop\TravelApp\TravelApp\app\app.module.js
C:\Users\Andriy\Desktop\TravelApp\TravelApp\app\app.module.js.map
C:\Users\Andriy\Desktop\TravelApp\TravelApp\app\main.js
C:\Users\Andriy\Desktop\TravelApp\TravelApp\app\main.js.map
C:\Users\Andriy\Desktop\TravelApp\TravelApp\app\components\comment\commentByCity.component.js
C:\Users\Andriy\Desktop\TravelApp\TravelApp\app\components\comment\commentByCity.component.js.map
